c:\users\y yakov\source\repos\lab1\lab1\debug\vc142.pdb
c:\users\y yakov\source\repos\lab1\lab1\debug\vc142.idb
c:\users\y yakov\source\repos\lab1\lab1\debug\module1.obj
c:\users\y yakov\source\repos\lab1\lab1\debug\lab1.obj
c:\users\y yakov\source\repos\lab1\lab1\debug\module2.obj
c:\users\y yakov\source\repos\lab1\debug\lab1.exe
c:\users\y yakov\source\repos\lab1\lab1\debug\lab1.ilk
c:\users\y yakov\source\repos\lab1\debug\lab1.pdb
c:\users\y yakov\source\repos\lab1\lab1\debug\lab1.res
c:\users\y yakov\source\repos\lab1\lab1\debug\module1.res
c:\users\y yakov\source\repos\lab1\lab1\debug\module2.res
c:\users\y yakov\source\repos\lab1\lab1\debug\lab1.tlog\cl.command.1.tlog
c:\users\y yakov\source\repos\lab1\lab1\debug\lab1.tlog\cl.read.1.tlog
c:\users\y yakov\source\repos\lab1\lab1\debug\lab1.tlog\cl.write.1.tlog
c:\users\y yakov\source\repos\lab1\lab1\debug\lab1.tlog\link-cvtres.read.1.tlog
c:\users\y yakov\source\repos\lab1\lab1\debug\lab1.tlog\link-rc.read.1.tlog
c:\users\y yakov\source\repos\lab1\lab1\debug\lab1.tlog\link-rc.write.1.tlog
c:\users\y yakov\source\repos\lab1\lab1\debug\lab1.tlog\link.10636-cvtres.read.1.tlog
c:\users\y yakov\source\repos\lab1\lab1\debug\lab1.tlog\link.10636-rc.read.1.tlog
c:\users\y yakov\source\repos\lab1\lab1\debug\lab1.tlog\link.10636-rc.write.1.tlog
c:\users\y yakov\source\repos\lab1\lab1\debug\lab1.tlog\link.10636.read.1.tlog
c:\users\y yakov\source\repos\lab1\lab1\debug\lab1.tlog\link.10636.write.1.tlog
c:\users\y yakov\source\repos\lab1\lab1\debug\lab1.tlog\link.command.1.tlog
c:\users\y yakov\source\repos\lab1\lab1\debug\lab1.tlog\link.read.1.tlog
c:\users\y yakov\source\repos\lab1\lab1\debug\lab1.tlog\link.write.1.tlog
c:\users\y yakov\source\repos\lab1\lab1\debug\lab1.tlog\rc.command.1.tlog
c:\users\y yakov\source\repos\lab1\lab1\debug\lab1.tlog\rc.read.1.tlog
c:\users\y yakov\source\repos\lab1\lab1\debug\lab1.tlog\rc.write.1.tlog
